{"total": {"lines":{"total":642,"covered":122,"skipped":0,"pct":19},"statements":{"total":647,"covered":122,"skipped":0,"pct":18.85},"functions":{"total":181,"covered":24,"skipped":0,"pct":13.25},"branches":{"total":577,"covered":76,"skipped":0,"pct":13.17},"branchesTrue":{"total":0,"covered":0,"skipped":0,"pct":100}}
,"/mnt/c/Users/jrita-admin/Documents/temp-repos/plugin-testing-vault/.obsidian/plugins/obsidian-ai-text-formatter/main.ts": {"lines":{"total":82,"covered":0,"skipped":0,"pct":0},"functions":{"total":28,"covered":0,"skipped":0,"pct":0},"statements":{"total":82,"covered":0,"skipped":0,"pct":0},"branches":{"total":11,"covered":0,"skipped":0,"pct":0}}
,"/mnt/c/Users/jrita-admin/Documents/temp-repos/plugin-testing-vault/.obsidian/plugins/obsidian-ai-text-formatter/settings.ts": {"lines":{"total":23,"covered":0,"skipped":0,"pct":0},"functions":{"total":14,"covered":0,"skipped":0,"pct":0},"statements":{"total":23,"covered":0,"skipped":0,"pct":0},"branches":{"total":7,"covered":0,"skipped":0,"pct":0}}
,"/mnt/c/Users/jrita-admin/Documents/temp-repos/plugin-testing-vault/.obsidian/plugins/obsidian-ai-text-formatter/text-processor.ts": {"lines":{"total":37,"covered":0,"skipped":0,"pct":0},"functions":{"total":6,"covered":0,"skipped":0,"pct":0},"statements":{"total":37,"covered":0,"skipped":0,"pct":0},"branches":{"total":20,"covered":0,"skipped":0,"pct":0}}
,"/mnt/c/Users/jrita-admin/Documents/temp-repos/plugin-testing-vault/.obsidian/plugins/obsidian-ai-text-formatter/types.ts": {"lines":{"total":11,"covered":11,"skipped":0,"pct":100},"functions":{"total":2,"covered":2,"skipped":0,"pct":100},"statements":{"total":11,"covered":11,"skipped":0,"pct":100},"branches":{"total":4,"covered":4,"skipped":0,"pct":100}}
,"/mnt/c/Users/jrita-admin/Documents/temp-repos/plugin-testing-vault/.obsidian/plugins/obsidian-ai-text-formatter/ai-services/base-service.ts": {"lines":{"total":11,"covered":3,"skipped":0,"pct":27.27},"functions":{"total":4,"covered":1,"skipped":0,"pct":25},"statements":{"total":11,"covered":3,"skipped":0,"pct":27.27},"branches":{"total":2,"covered":0,"skipped":0,"pct":0}}
,"/mnt/c/Users/jrita-admin/Documents/temp-repos/plugin-testing-vault/.obsidian/plugins/obsidian-ai-text-formatter/ai-services/claude-service.ts": {"lines":{"total":70,"covered":6,"skipped":0,"pct":8.57},"functions":{"total":14,"covered":1,"skipped":0,"pct":7.14},"statements":{"total":70,"covered":6,"skipped":0,"pct":8.57},"branches":{"total":167,"covered":0,"skipped":0,"pct":0}}
,"/mnt/c/Users/jrita-admin/Documents/temp-repos/plugin-testing-vault/.obsidian/plugins/obsidian-ai-text-formatter/ai-services/gemini-service.ts": {"lines":{"total":71,"covered":14,"skipped":0,"pct":19.71},"functions":{"total":11,"covered":3,"skipped":0,"pct":27.27},"statements":{"total":71,"covered":14,"skipped":0,"pct":19.71},"branches":{"total":107,"covered":4,"skipped":0,"pct":3.73}}
,"/mnt/c/Users/jrita-admin/Documents/temp-repos/plugin-testing-vault/.obsidian/plugins/obsidian-ai-text-formatter/ai-services/openai-service.ts": {"lines":{"total":62,"covered":5,"skipped":0,"pct":8.06},"functions":{"total":12,"covered":1,"skipped":0,"pct":8.33},"statements":{"total":62,"covered":5,"skipped":0,"pct":8.06},"branches":{"total":148,"covered":0,"skipped":0,"pct":0}}
,"/mnt/c/Users/jrita-admin/Documents/temp-repos/plugin-testing-vault/.obsidian/plugins/obsidian-ai-text-formatter/ai-services/service-factory.ts": {"lines":{"total":23,"covered":23,"skipped":0,"pct":100},"functions":{"total":2,"covered":2,"skipped":0,"pct":100},"statements":{"total":26,"covered":23,"skipped":0,"pct":88.46},"branches":{"total":17,"covered":13,"skipped":0,"pct":76.47}}
,"/mnt/c/Users/jrita-admin/Documents/temp-repos/plugin-testing-vault/.obsidian/plugins/obsidian-ai-text-formatter/ui/format-modal.ts": {"lines":{"total":31,"covered":0,"skipped":0,"pct":0},"functions":{"total":10,"covered":0,"skipped":0,"pct":0},"statements":{"total":31,"covered":0,"skipped":0,"pct":0},"branches":{"total":2,"covered":0,"skipped":0,"pct":0}}
,"/mnt/c/Users/jrita-admin/Documents/temp-repos/plugin-testing-vault/.obsidian/plugins/obsidian-ai-text-formatter/ui/settings-tab.ts": {"lines":{"total":132,"covered":0,"skipped":0,"pct":0},"functions":{"total":56,"covered":0,"skipped":0,"pct":0},"statements":{"total":132,"covered":0,"skipped":0,"pct":0},"branches":{"total":7,"covered":0,"skipped":0,"pct":0}}
,"/mnt/c/Users/jrita-admin/Documents/temp-repos/plugin-testing-vault/.obsidian/plugins/obsidian-ai-text-formatter/utils/error-handler.ts": {"lines":{"total":81,"covered":53,"skipped":0,"pct":65.43},"functions":{"total":18,"covered":11,"skipped":0,"pct":61.11},"statements":{"total":83,"covered":53,"skipped":0,"pct":63.85},"branches":{"total":80,"covered":50,"skipped":0,"pct":62.5}}
,"/mnt/c/Users/jrita-admin/Documents/temp-repos/plugin-testing-vault/.obsidian/plugins/obsidian-ai-text-formatter/utils/prompts.ts": {"lines":{"total":8,"covered":7,"skipped":0,"pct":87.5},"functions":{"total":4,"covered":3,"skipped":0,"pct":75},"statements":{"total":8,"covered":7,"skipped":0,"pct":87.5},"branches":{"total":5,"covered":5,"skipped":0,"pct":100}}
}
