TN:
SF:main.ts
FN:13,(anonymous_0)
FN:35,(anonymous_2)
FN:39,(anonymous_3)
FN:44,(anonymous_4)
FN:44,(anonymous_5)
FN:53,(anonymous_6)
FN:53,(anonymous_7)
FN:62,(anonymous_8)
FN:62,(anonymous_9)
FN:71,(anonymous_10)
FN:71,(anonymous_11)
FN:77,(anonymous_12)
FN:150,(anonymous_14)
FN:153,(anonymous_15)
FN:159,(anonymous_16)
FN:163,(anonymous_17)
FN:173,(anonymous_18)
FN:177,(anonymous_19)
FN:177,(anonymous_20)
FN:182,(anonymous_21)
FN:186,(anonymous_22)
FN:186,(anonymous_23)
FN:191,(anonymous_24)
FN:195,(anonymous_25)
FN:195,(anonymous_26)
FN:204,(anonymous_27)
FN:215,(anonymous_29)
FN:215,(anonymous_30)
FNF:28
FNH:0
FNDA:0,(anonymous_0)
FNDA:0,(anonymous_2)
FNDA:0,(anonymous_3)
FNDA:0,(anonymous_4)
FNDA:0,(anonymous_5)
FNDA:0,(anonymous_6)
FNDA:0,(anonymous_7)
FNDA:0,(anonymous_8)
FNDA:0,(anonymous_9)
FNDA:0,(anonymous_10)
FNDA:0,(anonymous_11)
FNDA:0,(anonymous_12)
FNDA:0,(anonymous_14)
FNDA:0,(anonymous_15)
FNDA:0,(anonymous_16)
FNDA:0,(anonymous_17)
FNDA:0,(anonymous_18)
FNDA:0,(anonymous_19)
FNDA:0,(anonymous_20)
FNDA:0,(anonymous_21)
FNDA:0,(anonymous_22)
FNDA:0,(anonymous_23)
FNDA:0,(anonymous_24)
FNDA:0,(anonymous_25)
FNDA:0,(anonymous_26)
FNDA:0,(anonymous_27)
FNDA:0,(anonymous_29)
FNDA:0,(anonymous_30)
DA:1,0
DA:2,0
DA:3,0
DA:4,0
DA:5,0
DA:6,0
DA:7,0
DA:9,0
DA:14,0
DA:17,0
DA:18,0
DA:21,0
DA:24,0
DA:27,0
DA:30,0
DA:32,0
DA:36,0
DA:41,0
DA:44,0
DA:45,0
DA:50,0
DA:53,0
DA:54,0
DA:59,0
DA:62,0
DA:63,0
DA:68,0
DA:71,0
DA:72,0
DA:78,0
DA:80,0
DA:81,0
DA:82,0
DA:85,0
DA:86,0
DA:87,0
DA:88,0
DA:92,0
DA:93,0
DA:97,0
DA:101,0
DA:102,0
DA:106,0
DA:110,0
DA:115,0
DA:117,0
DA:120,0
DA:123,0
DA:124,0
DA:131,0
DA:134,0
DA:140,0
DA:141,0
DA:145,0
DA:146,0
DA:152,0
DA:154,0
DA:157,0
DA:159,0
DA:160,0
DA:165,0
DA:170,0
DA:173,0
DA:174,0
DA:177,0
DA:178,0
DA:182,0
DA:183,0
DA:186,0
DA:187,0
DA:191,0
DA:192,0
DA:195,0
DA:196,0
DA:205,0
DA:207,0
DA:208,0
DA:209,0
DA:212,0
DA:215,0
DA:216,0
DA:220,0
LF:82
LH:0
BRDA:86,0,0,0
BRDA:92,1,0,0
BRDA:101,2,0,0
BRDA:126,3,0,0
BRDA:126,3,1,0
BRDA:157,4,0,0
BRDA:157,5,0,0
BRDA:157,5,1,0
BRDA:207,6,0,0
BRDA:207,7,0,0
BRDA:207,7,1,0
BRF:11
BRH:0
end_of_record
TN:
SF:settings.ts
FN:8,(anonymous_0)
FN:13,(anonymous_1)
FN:20,(anonymous_3)
FN:24,(anonymous_5)
FN:28,(anonymous_6)
FN:32,(anonymous_7)
FN:36,(anonymous_8)
FN:40,(anonymous_9)
FN:44,(anonymous_10)
FN:48,(anonymous_11)
FN:52,(anonymous_12)
FN:56,(anonymous_13)
FN:62,(anonymous_14)
FN:67,(anonymous_15)
FNF:14
FNH:0
FNDA:0,(anonymous_0)
FNDA:0,(anonymous_1)
FNDA:0,(anonymous_3)
FNDA:0,(anonymous_5)
FNDA:0,(anonymous_6)
FNDA:0,(anonymous_7)
FNDA:0,(anonymous_8)
FNDA:0,(anonymous_9)
FNDA:0,(anonymous_10)
FNDA:0,(anonymous_11)
FNDA:0,(anonymous_12)
FNDA:0,(anonymous_13)
FNDA:0,(anonymous_14)
FNDA:0,(anonymous_15)
DA:2,0
DA:4,0
DA:9,0
DA:10,0
DA:14,0
DA:15,0
DA:16,0
DA:21,0
DA:25,0
DA:29,0
DA:33,0
DA:37,0
DA:41,0
DA:45,0
DA:49,0
DA:53,0
DA:57,0
DA:58,0
DA:59,0
DA:63,0
DA:64,0
DA:68,0
DA:69,0
LF:23
LH:0
BRDA:15,0,0,0
BRDA:33,1,0,0
BRDA:33,1,1,0
BRDA:41,2,0,0
BRDA:41,2,1,0
BRDA:49,3,0,0
BRDA:49,3,1,0
BRF:7
BRH:0
end_of_record
TN:
SF:text-processor.ts
FN:10,(anonymous_0)
FN:14,(anonymous_1)
FN:49,(anonymous_3)
FN:66,(anonymous_4)
FN:82,(anonymous_5)
FN:89,(anonymous_6)
FNF:6
FNH:0
FNDA:0,(anonymous_0)
FNDA:0,(anonymous_1)
FNDA:0,(anonymous_3)
FNDA:0,(anonymous_4)
FNDA:0,(anonymous_5)
FNDA:0,(anonymous_6)
DA:2,0
DA:3,0
DA:7,0
DA:11,0
DA:20,0
DA:21,0
DA:24,0
DA:25,0
DA:29,0
DA:32,0
DA:35,0
DA:37,0
DA:38,0
DA:41,0
DA:50,0
DA:51,0
DA:52,0
DA:54,0
DA:55,0
DA:58,0
DA:68,0
DA:69,0
DA:73,0
DA:74,0
DA:75,0
DA:79,0
DA:83,0
DA:85,0
DA:86,0
DA:90,0
DA:91,0
DA:92,0
DA:93,0
DA:95,0
DA:96,0
DA:101,0
DA:107,0
LF:37
LH:0
BRDA:20,0,0,0
BRDA:20,1,0,0
BRDA:20,1,1,0
BRDA:24,2,0,0
BRDA:37,3,0,0
BRDA:38,4,0,0
BRDA:38,4,1,0
BRDA:43,5,0,0
BRDA:43,5,1,0
BRDA:54,6,0,0
BRDA:68,7,0,0
BRDA:68,8,0,0
BRDA:68,8,1,0
BRDA:74,9,0,0
BRDA:74,10,0,0
BRDA:74,10,1,0
BRDA:95,11,0,0
BRDA:95,11,1,0
BRDA:103,12,0,0
BRDA:103,12,1,0
BRF:20
BRH:0
end_of_record
TN:
SF:types.ts
FN:3,(anonymous_0)
FN:9,(anonymous_1)
FNF:2
FNH:2
FNDA:2,(anonymous_0)
FNDA:2,(anonymous_1)
DA:3,2
DA:4,2
DA:5,2
DA:6,2
DA:9,2
DA:10,2
DA:11,2
DA:12,2
DA:49,2
DA:70,2
DA:94,2
LF:11
LH:11
BRDA:3,0,0,2
BRDA:3,0,1,2
BRDA:9,1,0,2
BRDA:9,1,1,2
BRF:4
BRH:4
end_of_record
TN:
SF:ai-services/base-service.ts
FN:7,(anonymous_0)
FN:20,(anonymous_1)
FN:28,(anonymous_2)
FN:35,(anonymous_3)
FNF:4
FNH:1
FNDA:3,(anonymous_0)
FNDA:0,(anonymous_1)
FNDA:0,(anonymous_2)
FNDA:0,(anonymous_3)
DA:3,1
DA:8,3
DA:9,3
DA:21,0
DA:29,0
DA:36,0
DA:37,0
DA:45,0
DA:46,0
DA:49,0
DA:51,0
LF:11
LH:3
BRDA:7,0,0,0
BRDA:45,1,0,0
BRF:2
BRH:0
end_of_record
TN:
SF:ai-services/claude-service.ts
FN:44,(anonymous_0)
FN:48,(anonymous_1)
FN:128,(anonymous_3)
FN:132,(anonymous_4)
FN:136,(anonymous_5)
FN:141,(anonymous_6)
FN:146,(anonymous_7)
FN:151,(anonymous_8)
FN:166,(anonymous_10)
FN:177,(anonymous_11)
FN:186,(anonymous_12)
FN:191,(anonymous_13)
FN:207,(anonymous_14)
FN:213,(anonymous_15)
FNF:14
FNH:1
FNDA:1,(anonymous_0)
FNDA:0,(anonymous_1)
FNDA:0,(anonymous_3)
FNDA:0,(anonymous_4)
FNDA:0,(anonymous_5)
FNDA:0,(anonymous_6)
FNDA:0,(anonymous_7)
FNDA:0,(anonymous_8)
FNDA:0,(anonymous_10)
FNDA:0,(anonymous_11)
FNDA:0,(anonymous_12)
FNDA:0,(anonymous_13)
FNDA:0,(anonymous_14)
FNDA:0,(anonymous_15)
DA:1,1
DA:39,1
DA:40,1
DA:41,1
DA:42,1
DA:45,1
DA:49,0
DA:50,0
DA:53,0
DA:54,0
DA:56,0
DA:70,0
DA:80,0
DA:81,0
DA:82,0
DA:85,0
DA:87,0
DA:88,0
DA:89,0
DA:91,0
DA:92,0
DA:94,0
DA:97,0
DA:100,0
DA:101,0
DA:102,0
DA:103,0
DA:104,0
DA:105,0
DA:106,0
DA:107,0
DA:108,0
DA:109,0
DA:110,0
DA:111,0
DA:112,0
DA:113,0
DA:114,0
DA:115,0
DA:116,0
DA:117,0
DA:118,0
DA:119,0
DA:120,0
DA:121,0
DA:123,0
DA:129,0
DA:133,0
DA:137,0
DA:142,0
DA:147,0
DA:152,0
DA:153,0
DA:156,0
DA:157,0
DA:158,0
DA:160,0
DA:161,0
DA:167,0
DA:178,0
DA:179,0
DA:181,0
DA:187,0
DA:192,0
DA:200,0
DA:214,0
DA:216,0
DA:218,0
DA:220,0
DA:222,0
LF:70
LH:6
BRDA:44,0,0,0
BRDA:49,1,0,0
BRDA:80,2,0,0
BRDA:82,3,0,0
BRDA:82,3,1,0
BRDA:82,4,0,0
BRDA:82,4,1,0
BRDA:82,5,0,0
BRDA:82,5,1,0
BRDA:87,6,0,0
BRDA:87,6,1,0
BRDA:87,7,0,0
BRDA:87,7,1,0
BRDA:89,8,0,0
BRDA:89,8,1,0
BRDA:91,9,0,0
BRDA:91,9,1,0
BRDA:100,10,0,0
BRDA:100,10,1,0
BRDA:100,11,0,0
BRDA:100,11,1,0
BRDA:100,12,0,0
BRDA:100,12,1,0
BRDA:100,13,0,0
BRDA:100,13,1,0
BRDA:100,14,0,0
BRDA:100,14,1,0
BRDA:100,15,0,0
BRDA:100,15,1,0
BRDA:102,16,0,0
BRDA:102,16,1,0
BRDA:102,17,0,0
BRDA:102,17,1,0
BRDA:102,17,2,0
BRDA:102,18,0,0
BRDA:102,18,1,0
BRDA:102,19,0,0
BRDA:102,19,1,0
BRDA:102,20,0,0
BRDA:102,20,1,0
BRDA:102,21,0,0
BRDA:102,21,1,0
BRDA:102,22,0,0
BRDA:102,22,1,0
BRDA:102,23,0,0
BRDA:102,23,1,0
BRDA:104,24,0,0
BRDA:104,24,1,0
BRDA:104,25,0,0
BRDA:104,25,1,0
BRDA:104,26,0,0
BRDA:104,26,1,0
BRDA:104,27,0,0
BRDA:104,27,1,0
BRDA:104,28,0,0
BRDA:104,28,1,0
BRDA:104,29,0,0
BRDA:104,29,1,0
BRDA:106,30,0,0
BRDA:106,30,1,0
BRDA:106,31,0,0
BRDA:106,31,1,0
BRDA:106,32,0,0
BRDA:106,32,1,0
BRDA:106,33,0,0
BRDA:106,33,1,0
BRDA:106,34,0,0
BRDA:106,34,1,0
BRDA:106,35,0,0
BRDA:106,35,1,0
BRDA:108,36,0,0
BRDA:108,36,1,0
BRDA:108,37,0,0
BRDA:108,37,1,0
BRDA:108,38,0,0
BRDA:108,38,1,0
BRDA:108,39,0,0
BRDA:108,39,1,0
BRDA:108,40,0,0
BRDA:108,40,1,0
BRDA:108,41,0,0
BRDA:108,41,1,0
BRDA:110,42,0,0
BRDA:110,42,1,0
BRDA:110,43,0,0
BRDA:110,43,1,0
BRDA:110,44,0,0
BRDA:110,44,1,0
BRDA:110,45,0,0
BRDA:110,45,1,0
BRDA:110,46,0,0
BRDA:110,46,1,0
BRDA:110,47,0,0
BRDA:110,47,1,0
BRDA:112,48,0,0
BRDA:112,48,1,0
BRDA:112,49,0,0
BRDA:112,49,1,0
BRDA:112,50,0,0
BRDA:112,50,1,0
BRDA:112,51,0,0
BRDA:112,51,1,0
BRDA:112,52,0,0
BRDA:112,52,1,0
BRDA:112,53,0,0
BRDA:112,53,1,0
BRDA:114,54,0,0
BRDA:114,54,1,0
BRDA:114,55,0,0
BRDA:114,55,1,0
BRDA:114,56,0,0
BRDA:114,56,1,0
BRDA:114,57,0,0
BRDA:114,57,1,0
BRDA:114,58,0,0
BRDA:114,58,1,0
BRDA:114,59,0,0
BRDA:114,59,1,0
BRDA:116,60,0,0
BRDA:116,60,1,0
BRDA:116,61,0,0
BRDA:116,61,1,0
BRDA:116,62,0,0
BRDA:116,62,1,0
BRDA:116,63,0,0
BRDA:116,63,1,0
BRDA:116,64,0,0
BRDA:116,64,1,0
BRDA:116,65,0,0
BRDA:116,65,1,0
BRDA:118,66,0,0
BRDA:118,66,1,0
BRDA:118,67,0,0
BRDA:118,67,1,0
BRDA:118,68,0,0
BRDA:118,68,1,0
BRDA:120,69,0,0
BRDA:120,69,1,0
BRDA:120,70,0,0
BRDA:120,70,1,0
BRDA:120,70,2,0
BRDA:120,71,0,0
BRDA:120,71,1,0
BRDA:120,72,0,0
BRDA:120,72,1,0
BRDA:120,73,0,0
BRDA:120,73,1,0
BRDA:120,74,0,0
BRDA:120,74,1,0
BRDA:120,75,0,0
BRDA:120,75,1,0
BRDA:120,76,0,0
BRDA:120,76,1,0
BRDA:123,77,0,0
BRDA:123,77,1,0
BRDA:129,78,0,0
BRDA:129,78,1,0
BRDA:129,78,2,0
BRDA:152,79,0,0
BRDA:178,80,0,0
BRDA:178,80,1,0
BRDA:202,81,0,0
BRDA:202,81,1,0
BRDA:214,82,0,0
BRDA:214,82,1,0
BRDA:214,82,2,0
BRDA:214,82,3,0
BRF:167
BRH:0
end_of_record
TN:
SF:ai-services/gemini-service.ts
FN:10,(anonymous_0)
FN:15,(anonymous_1)
FN:39,(anonymous_2)
FN:99,(anonymous_4)
FN:103,(anonymous_5)
FN:107,(anonymous_6)
FN:112,(anonymous_7)
FN:118,(anonymous_8)
FN:124,(anonymous_9)
FN:139,(anonymous_11)
FN:148,(anonymous_12)
FNF:11
FNH:3
FNDA:1,(anonymous_0)
FNDA:1,(anonymous_1)
FNDA:0,(anonymous_2)
FNDA:1,(anonymous_4)
FNDA:0,(anonymous_5)
FNDA:0,(anonymous_6)
FNDA:0,(anonymous_7)
FNDA:0,(anonymous_8)
FNDA:0,(anonymous_9)
FNDA:0,(anonymous_11)
FNDA:0,(anonymous_12)
DA:1,1
DA:2,1
DA:5,1
DA:6,1
DA:7,1
DA:8,1
DA:11,1
DA:12,1
DA:16,1
DA:17,1
DA:18,1
DA:20,1
DA:27,1
DA:32,0
DA:33,0
DA:34,0
DA:40,0
DA:41,0
DA:44,0
DA:45,0
DA:46,0
DA:47,0
DA:51,0
DA:52,0
DA:54,0
DA:55,0
DA:57,0
DA:58,0
DA:61,0
DA:63,0
DA:64,0
DA:68,0
DA:69,0
DA:71,0
DA:72,0
DA:73,0
DA:76,0
DA:79,0
DA:80,0
DA:81,0
DA:82,0
DA:83,0
DA:84,0
DA:85,0
DA:86,0
DA:87,0
DA:88,0
DA:89,0
DA:90,0
DA:91,0
DA:92,0
DA:94,0
DA:100,1
DA:104,0
DA:108,0
DA:113,0
DA:114,0
DA:119,0
DA:120,0
DA:125,0
DA:126,0
DA:129,0
DA:130,0
DA:131,0
DA:133,0
DA:134,0
DA:140,0
DA:149,0
DA:150,0
DA:151,0
DA:153,0
LF:71
LH:14
BRDA:10,0,0,0
BRDA:16,1,0,1
BRDA:40,2,0,0
BRDA:44,3,0,0
BRDA:46,4,0,0
BRDA:57,5,0,0
BRDA:63,6,0,0
BRDA:63,7,0,0
BRDA:63,7,1,0
BRDA:69,8,0,0
BRDA:69,8,1,0
BRDA:69,9,0,0
BRDA:69,9,1,0
BRDA:71,10,0,0
BRDA:71,10,1,0
BRDA:79,11,0,0
BRDA:79,11,1,0
BRDA:79,12,0,0
BRDA:79,12,1,0
BRDA:79,13,0,0
BRDA:79,13,1,0
BRDA:79,14,0,0
BRDA:79,14,1,0
BRDA:79,15,0,0
BRDA:79,15,1,0
BRDA:79,16,0,0
BRDA:79,16,1,0
BRDA:81,17,0,0
BRDA:81,17,1,0
BRDA:81,18,0,0
BRDA:81,18,1,0
BRDA:81,19,0,0
BRDA:81,19,1,0
BRDA:81,20,0,0
BRDA:81,20,1,0
BRDA:81,21,0,0
BRDA:81,21,1,0
BRDA:81,22,0,0
BRDA:81,22,1,0
BRDA:83,23,0,0
BRDA:83,23,1,0
BRDA:83,24,0,0
BRDA:83,24,1,0
BRDA:83,25,0,0
BRDA:83,25,1,0
BRDA:83,26,0,0
BRDA:83,26,1,0
BRDA:83,27,0,0
BRDA:83,27,1,0
BRDA:83,28,0,0
BRDA:83,28,1,0
BRDA:85,29,0,0
BRDA:85,29,1,0
BRDA:85,30,0,0
BRDA:85,30,1,0
BRDA:85,31,0,0
BRDA:85,31,1,0
BRDA:85,32,0,0
BRDA:85,32,1,0
BRDA:85,33,0,0
BRDA:85,33,1,0
BRDA:85,34,0,0
BRDA:85,34,1,0
BRDA:87,35,0,0
BRDA:87,35,1,0
BRDA:87,36,0,0
BRDA:87,36,1,0
BRDA:87,37,0,0
BRDA:87,37,1,0
BRDA:87,38,0,0
BRDA:87,38,1,0
BRDA:87,39,0,0
BRDA:87,39,1,0
BRDA:87,40,0,0
BRDA:87,40,1,0
BRDA:89,41,0,0
BRDA:89,41,1,0
BRDA:89,42,0,0
BRDA:89,42,1,0
BRDA:89,43,0,0
BRDA:89,43,1,0
BRDA:89,44,0,0
BRDA:89,44,1,0
BRDA:89,45,0,0
BRDA:89,45,1,0
BRDA:89,46,0,0
BRDA:89,46,1,0
BRDA:91,47,0,0
BRDA:91,47,1,0
BRDA:91,48,0,0
BRDA:91,48,1,0
BRDA:91,49,0,0
BRDA:91,49,1,0
BRDA:91,50,0,0
BRDA:91,50,1,0
BRDA:91,51,0,0
BRDA:91,51,1,0
BRDA:91,52,0,0
BRDA:91,52,1,0
BRDA:94,53,0,0
BRDA:94,53,1,0
BRDA:100,54,0,1
BRDA:100,54,1,1
BRDA:100,54,2,1
BRDA:125,55,0,0
BRDA:149,56,0,0
BRDA:149,56,1,0
BRF:107
BRH:4
end_of_record
TN:
SF:ai-services/openai-service.ts
FN:45,(anonymous_0)
FN:49,(anonymous_1)
FN:127,(anonymous_3)
FN:131,(anonymous_4)
FN:135,(anonymous_5)
FN:140,(anonymous_6)
FN:145,(anonymous_7)
FN:150,(anonymous_8)
FN:165,(anonymous_10)
FN:177,(anonymous_11)
FN:186,(anonymous_12)
FN:191,(anonymous_13)
FNF:12
FNH:1
FNDA:1,(anonymous_0)
FNDA:0,(anonymous_1)
FNDA:0,(anonymous_3)
FNDA:0,(anonymous_4)
FNDA:0,(anonymous_5)
FNDA:0,(anonymous_6)
FNDA:0,(anonymous_7)
FNDA:0,(anonymous_8)
FNDA:0,(anonymous_10)
FNDA:0,(anonymous_11)
FNDA:0,(anonymous_12)
FNDA:0,(anonymous_13)
DA:1,1
DA:41,1
DA:42,1
DA:43,1
DA:46,1
DA:50,0
DA:51,0
DA:54,0
DA:55,0
DA:57,0
DA:72,0
DA:81,0
DA:82,0
DA:83,0
DA:86,0
DA:88,0
DA:89,0
DA:90,0
DA:92,0
DA:93,0
DA:95,0
DA:98,0
DA:101,0
DA:102,0
DA:103,0
DA:104,0
DA:105,0
DA:106,0
DA:107,0
DA:108,0
DA:109,0
DA:110,0
DA:111,0
DA:112,0
DA:113,0
DA:114,0
DA:115,0
DA:116,0
DA:117,0
DA:118,0
DA:119,0
DA:120,0
DA:122,0
DA:128,0
DA:132,0
DA:136,0
DA:141,0
DA:146,0
DA:151,0
DA:152,0
DA:155,0
DA:156,0
DA:157,0
DA:159,0
DA:160,0
DA:166,0
DA:178,0
DA:179,0
DA:181,0
DA:187,0
DA:192,0
DA:201,0
LF:62
LH:5
BRDA:45,0,0,0
BRDA:50,1,0,0
BRDA:81,2,0,0
BRDA:83,3,0,0
BRDA:83,3,1,0
BRDA:83,4,0,0
BRDA:83,4,1,0
BRDA:83,5,0,0
BRDA:83,5,1,0
BRDA:88,6,0,0
BRDA:88,6,1,0
BRDA:88,7,0,0
BRDA:88,7,1,0
BRDA:90,8,0,0
BRDA:90,8,1,0
BRDA:90,9,0,0
BRDA:90,9,1,0
BRDA:92,10,0,0
BRDA:92,10,1,0
BRDA:101,11,0,0
BRDA:101,11,1,0
BRDA:101,12,0,0
BRDA:101,12,1,0
BRDA:101,13,0,0
BRDA:101,13,1,0
BRDA:101,14,0,0
BRDA:101,14,1,0
BRDA:101,15,0,0
BRDA:101,15,1,0
BRDA:101,16,0,0
BRDA:101,16,1,0
BRDA:103,17,0,0
BRDA:103,17,1,0
BRDA:103,18,0,0
BRDA:103,18,1,0
BRDA:103,19,0,0
BRDA:103,19,1,0
BRDA:103,20,0,0
BRDA:103,20,1,0
BRDA:103,21,0,0
BRDA:103,21,1,0
BRDA:103,22,0,0
BRDA:103,22,1,0
BRDA:105,23,0,0
BRDA:105,23,1,0
BRDA:105,24,0,0
BRDA:105,24,1,0
BRDA:105,25,0,0
BRDA:105,25,1,0
BRDA:105,26,0,0
BRDA:105,26,1,0
BRDA:105,27,0,0
BRDA:105,27,1,0
BRDA:105,28,0,0
BRDA:105,28,1,0
BRDA:107,29,0,0
BRDA:107,29,1,0
BRDA:107,30,0,0
BRDA:107,30,1,0
BRDA:107,31,0,0
BRDA:107,31,1,0
BRDA:107,32,0,0
BRDA:107,32,1,0
BRDA:107,33,0,0
BRDA:107,33,1,0
BRDA:107,34,0,0
BRDA:107,34,1,0
BRDA:109,35,0,0
BRDA:109,35,1,0
BRDA:109,36,0,0
BRDA:109,36,1,0
BRDA:109,37,0,0
BRDA:109,37,1,0
BRDA:109,38,0,0
BRDA:109,38,1,0
BRDA:109,39,0,0
BRDA:109,39,1,0
BRDA:109,40,0,0
BRDA:109,40,1,0
BRDA:111,41,0,0
BRDA:111,41,1,0
BRDA:111,42,0,0
BRDA:111,42,1,0
BRDA:111,43,0,0
BRDA:111,43,1,0
BRDA:111,44,0,0
BRDA:111,44,1,0
BRDA:111,45,0,0
BRDA:111,45,1,0
BRDA:111,46,0,0
BRDA:111,46,1,0
BRDA:113,47,0,0
BRDA:113,47,1,0
BRDA:113,48,0,0
BRDA:113,48,1,0
BRDA:113,49,0,0
BRDA:113,49,1,0
BRDA:113,50,0,0
BRDA:113,50,1,0
BRDA:113,51,0,0
BRDA:113,51,1,0
BRDA:113,52,0,0
BRDA:113,52,1,0
BRDA:115,53,0,0
BRDA:115,53,1,0
BRDA:115,54,0,0
BRDA:115,54,1,0
BRDA:115,55,0,0
BRDA:115,55,1,0
BRDA:115,56,0,0
BRDA:115,56,1,0
BRDA:115,57,0,0
BRDA:115,57,1,0
BRDA:115,58,0,0
BRDA:115,58,1,0
BRDA:117,59,0,0
BRDA:117,59,1,0
BRDA:117,60,0,0
BRDA:117,60,1,0
BRDA:117,61,0,0
BRDA:117,61,1,0
BRDA:119,62,0,0
BRDA:119,62,1,0
BRDA:119,63,0,0
BRDA:119,63,1,0
BRDA:119,63,2,0
BRDA:119,64,0,0
BRDA:119,64,1,0
BRDA:119,65,0,0
BRDA:119,65,1,0
BRDA:119,66,0,0
BRDA:119,66,1,0
BRDA:119,67,0,0
BRDA:119,67,1,0
BRDA:119,68,0,0
BRDA:119,68,1,0
BRDA:119,69,0,0
BRDA:119,69,1,0
BRDA:122,70,0,0
BRDA:122,70,1,0
BRDA:128,71,0,0
BRDA:128,71,1,0
BRDA:128,71,2,0
BRDA:151,72,0,0
BRDA:178,73,0,0
BRDA:178,73,1,0
BRDA:203,74,0,0
BRDA:203,74,1,0
BRF:148
BRH:0
end_of_record
TN:
SF:ai-services/service-factory.ts
FN:8,(anonymous_0)
FN:32,(anonymous_1)
FNF:2
FNH:2
FNDA:4,(anonymous_0)
FNDA:10,(anonymous_1)
DA:2,1
DA:3,1
DA:4,1
DA:5,1
DA:7,1
DA:14,4
DA:16,1
DA:17,1
DA:18,1
DA:20,1
DA:21,1
DA:22,1
DA:24,1
DA:25,1
DA:26,1
DA:28,1
DA:33,10
DA:34,3
DA:37,7
DA:39,2
DA:41,2
DA:43,2
DA:45,1
LF:23
LH:23
BRDA:11,0,0,0
BRDA:14,1,0,1
BRDA:14,1,1,1
BRDA:14,1,2,1
BRDA:14,1,3,1
BRDA:17,2,0,0
BRDA:21,3,0,0
BRDA:25,4,0,0
BRDA:33,5,0,3
BRDA:33,6,0,10
BRDA:33,6,1,7
BRDA:37,7,0,2
BRDA:37,7,1,2
BRDA:37,7,2,2
BRDA:37,7,3,1
BRDA:41,8,0,2
BRDA:41,8,1,1
BRF:17
BRH:13
end_of_record
TN:
SF:ui/format-modal.ts
FN:8,(anonymous_0)
FN:14,(anonymous_1)
FN:35,(anonymous_2)
FN:39,(anonymous_3)
FN:49,(anonymous_4)
FN:53,(anonymous_5)
FN:63,(anonymous_6)
FN:67,(anonymous_7)
FN:76,(anonymous_8)
FN:79,(anonymous_9)
FNF:10
FNH:0
FNDA:0,(anonymous_0)
FNDA:0,(anonymous_1)
FNDA:0,(anonymous_2)
FNDA:0,(anonymous_3)
FNDA:0,(anonymous_4)
FNDA:0,(anonymous_5)
FNDA:0,(anonymous_6)
FNDA:0,(anonymous_7)
FNDA:0,(anonymous_8)
FNDA:0,(anonymous_9)
DA:1,0
DA:2,0
DA:4,0
DA:9,0
DA:10,0
DA:11,0
DA:15,0
DA:16,0
DA:18,0
DA:21,0
DA:22,0
DA:23,0
DA:26,0
DA:29,0
DA:32,0
DA:36,0
DA:40,0
DA:41,0
DA:46,0
DA:50,0
DA:54,0
DA:55,0
DA:60,0
DA:64,0
DA:68,0
DA:69,0
DA:74,0
DA:75,0
DA:76,0
DA:80,0
DA:81,0
LF:31
LH:0
BRDA:23,0,0,0
BRDA:23,0,1,0
BRF:2
BRH:0
end_of_record
TN:
SF:ui/settings-tab.ts
FN:10,(anonymous_0)
FN:15,(anonymous_1)
FN:37,(anonymous_2)
FN:43,(anonymous_3)
FN:49,(anonymous_4)
FN:49,(anonymous_5)
FN:57,(anonymous_6)
FN:71,(anonymous_7)
FN:75,(anonymous_8)
FN:75,(anonymous_9)
FN:81,(anonymous_10)
FN:85,(anonymous_11)
FN:85,(anonymous_12)
FN:94,(anonymous_13)
FN:98,(anonymous_14)
FN:98,(anonymous_15)
FN:104,(anonymous_16)
FN:108,(anonymous_17)
FN:108,(anonymous_18)
FN:117,(anonymous_19)
FN:121,(anonymous_20)
FN:121,(anonymous_21)
FN:127,(anonymous_22)
FN:131,(anonymous_23)
FN:131,(anonymous_24)
FN:137,(anonymous_25)
FN:156,(anonymous_26)
FN:164,(anonymous_27)
FN:166,(anonymous_28)
FN:176,(anonymous_29)
FN:176,(anonymous_30)
FN:187,(anonymous_31)
FN:195,(anonymous_32)
FN:208,(anonymous_33)
FN:212,(anonymous_34)
FN:212,(anonymous_35)
FN:219,(anonymous_36)
FN:223,(anonymous_37)
FN:223,(anonymous_38)
FN:234,(anonymous_39)
FN:238,(anonymous_40)
FN:238,(anonymous_41)
FN:245,(anonymous_42)
FN:249,(anonymous_43)
FN:249,(anonymous_44)
FN:260,(anonymous_45)
FN:264,(anonymous_46)
FN:264,(anonymous_47)
FN:271,(anonymous_48)
FN:275,(anonymous_49)
FN:275,(anonymous_50)
FN:283,(anonymous_51)
FN:291,(anonymous_52)
FN:296,(anonymous_53)
FN:296,(anonymous_54)
FN:303,(anonymous_55)
FNF:56
FNH:0
FNDA:0,(anonymous_0)
FNDA:0,(anonymous_1)
FNDA:0,(anonymous_2)
FNDA:0,(anonymous_3)
FNDA:0,(anonymous_4)
FNDA:0,(anonymous_5)
FNDA:0,(anonymous_6)
FNDA:0,(anonymous_7)
FNDA:0,(anonymous_8)
FNDA:0,(anonymous_9)
FNDA:0,(anonymous_10)
FNDA:0,(anonymous_11)
FNDA:0,(anonymous_12)
FNDA:0,(anonymous_13)
FNDA:0,(anonymous_14)
FNDA:0,(anonymous_15)
FNDA:0,(anonymous_16)
FNDA:0,(anonymous_17)
FNDA:0,(anonymous_18)
FNDA:0,(anonymous_19)
FNDA:0,(anonymous_20)
FNDA:0,(anonymous_21)
FNDA:0,(anonymous_22)
FNDA:0,(anonymous_23)
FNDA:0,(anonymous_24)
FNDA:0,(anonymous_25)
FNDA:0,(anonymous_26)
FNDA:0,(anonymous_27)
FNDA:0,(anonymous_28)
FNDA:0,(anonymous_29)
FNDA:0,(anonymous_30)
FNDA:0,(anonymous_31)
FNDA:0,(anonymous_32)
FNDA:0,(anonymous_33)
FNDA:0,(anonymous_34)
FNDA:0,(anonymous_35)
FNDA:0,(anonymous_36)
FNDA:0,(anonymous_37)
FNDA:0,(anonymous_38)
FNDA:0,(anonymous_39)
FNDA:0,(anonymous_40)
FNDA:0,(anonymous_41)
FNDA:0,(anonymous_42)
FNDA:0,(anonymous_43)
FNDA:0,(anonymous_44)
FNDA:0,(anonymous_45)
FNDA:0,(anonymous_46)
FNDA:0,(anonymous_47)
FNDA:0,(anonymous_48)
FNDA:0,(anonymous_49)
FNDA:0,(anonymous_50)
FNDA:0,(anonymous_51)
FNDA:0,(anonymous_52)
FNDA:0,(anonymous_53)
FNDA:0,(anonymous_54)
FNDA:0,(anonymous_55)
DA:1,0
DA:3,0
DA:4,0
DA:5,0
DA:7,0
DA:11,0
DA:12,0
DA:16,0
DA:17,0
DA:19,0
DA:22,0
DA:25,0
DA:28,0
DA:31,0
DA:34,0
DA:38,0
DA:40,0
DA:44,0
DA:49,0
DA:50,0
DA:51,0
DA:52,0
DA:58,0
DA:59,0
DA:61,0
DA:62,0
DA:68,0
DA:72,0
DA:75,0
DA:76,0
DA:77,0
DA:79,0
DA:82,0
DA:85,0
DA:86,0
DA:91,0
DA:95,0
DA:98,0
DA:99,0
DA:100,0
DA:102,0
DA:105,0
DA:108,0
DA:109,0
DA:114,0
DA:118,0
DA:121,0
DA:122,0
DA:123,0
DA:125,0
DA:128,0
DA:131,0
DA:132,0
DA:138,0
DA:140,0
DA:141,0
DA:147,0
DA:150,0
DA:153,0
DA:157,0
DA:158,0
DA:159,0
DA:161,0
DA:166,0
DA:167,0
DA:168,0
DA:171,0
DA:174,0
DA:176,0
DA:177,0
DA:178,0
DA:179,0
DA:184,0
DA:188,0
DA:189,0
DA:190,0
DA:191,0
DA:196,0
DA:198,0
DA:199,0
DA:205,0
DA:209,0
DA:212,0
DA:213,0
DA:214,0
DA:216,0
DA:217,0
DA:220,0
DA:223,0
DA:224,0
DA:225,0
DA:226,0
DA:231,0
DA:235,0
DA:238,0
DA:239,0
DA:240,0
DA:242,0
DA:243,0
DA:246,0
DA:249,0
DA:250,0
DA:251,0
DA:252,0
DA:257,0
DA:261,0
DA:264,0
DA:265,0
DA:266,0
DA:268,0
DA:269,0
DA:272,0
DA:275,0
DA:276,0
DA:277,0
DA:278,0
DA:284,0
DA:286,0
DA:288,0
DA:292,0
DA:296,0
DA:297,0
DA:298,0
DA:304,0
DA:306,0
DA:308,0
DA:310,0
DA:312,0
DA:313,0
DA:315,0
DA:318,0
DA:321,0
LF:132
LH:0
BRDA:168,0,0,0
BRDA:168,0,1,0
BRDA:189,1,0,0
BRDA:189,2,0,0
BRDA:189,2,1,0
BRDA:312,3,0,0
BRDA:312,3,1,0
BRF:7
BRH:0
end_of_record
TN:
SF:utils/error-handler.ts
FN:3,(anonymous_0)
FN:19,(anonymous_1)
FN:36,(anonymous_2)
FN:45,(anonymous_3)
FN:54,(anonymous_4)
FN:64,(anonymous_5)
FN:73,(anonymous_6)
FN:82,(anonymous_7)
FN:87,(anonymous_8)
FN:92,(anonymous_9)
FN:130,(anonymous_10)
FN:148,(anonymous_11)
FN:178,(anonymous_13)
FN:185,(anonymous_14)
FN:195,(anonymous_15)
FN:204,(anonymous_16)
FN:213,(anonymous_17)
FN:234,(anonymous_18)
FNF:18
FNH:11
FNDA:1,(anonymous_0)
FNDA:5,(anonymous_1)
FNDA:2,(anonymous_2)
FNDA:2,(anonymous_3)
FNDA:1,(anonymous_4)
FNDA:2,(anonymous_5)
FNDA:1,(anonymous_6)
FNDA:0,(anonymous_7)
FNDA:0,(anonymous_8)
FNDA:7,(anonymous_9)
FNDA:4,(anonymous_10)
FNDA:0,(anonymous_11)
FNDA:0,(anonymous_13)
FNDA:0,(anonymous_14)
FNDA:0,(anonymous_15)
FNDA:0,(anonymous_16)
FNDA:5,(anonymous_17)
FNDA:3,(anonymous_18)
DA:1,1
DA:3,1
DA:4,1
DA:5,1
DA:6,1
DA:7,1
DA:8,1
DA:18,1
DA:20,5
DA:23,5
DA:24,1
DA:25,4
DA:26,1
DA:27,3
DA:28,1
DA:29,2
DA:30,1
DA:32,1
DA:37,2
DA:46,2
DA:55,1
DA:56,1
DA:65,2
DA:74,1
DA:83,0
DA:84,0
DA:88,0
DA:89,0
DA:93,7
DA:94,1
DA:100,6
DA:102,2
DA:103,1
DA:108,1
DA:110,2
DA:111,1
DA:116,1
DA:118,2
DA:119,1
DA:124,1
DA:127,3
DA:131,4
DA:132,2
DA:138,2
DA:139,1
DA:145,1
DA:155,0
DA:156,0
DA:157,0
DA:159,0
DA:162,0
DA:163,0
DA:166,0
DA:167,0
DA:171,0
DA:177,0
DA:178,0
DA:182,0
DA:186,0
DA:187,0
DA:196,0
DA:205,0
DA:214,5
DA:217,5
DA:218,1
DA:222,4
DA:223,2
DA:227,2
DA:228,2
DA:231,0
DA:235,3
DA:237,1
DA:239,1
DA:241,0
DA:242,0
DA:243,0
DA:244,0
DA:246,0
DA:249,1
DA:251,0
DA:253,0
LF:81
LH:53
BRDA:3,0,0,1
BRDA:3,0,1,1
BRDA:20,1,0,5
BRDA:20,1,1,0
BRDA:23,2,0,1
BRDA:23,2,1,4
BRDA:23,3,0,5
BRDA:23,3,1,4
BRDA:25,4,0,1
BRDA:25,4,1,3
BRDA:25,5,0,4
BRDA:25,5,1,3
BRDA:27,6,0,1
BRDA:27,6,1,2
BRDA:27,7,0,3
BRDA:27,7,1,2
BRDA:29,8,0,1
BRDA:29,8,1,1
BRDA:29,9,0,2
BRDA:29,9,1,1
BRDA:55,10,0,0
BRDA:55,10,1,1
BRDA:87,11,0,0
BRDA:88,12,0,0
BRDA:88,12,1,0
BRDA:93,13,0,1
BRDA:93,14,0,7
BRDA:93,14,1,6
BRDA:100,15,0,2
BRDA:100,15,1,2
BRDA:100,15,2,2
BRDA:102,16,0,1
BRDA:110,17,0,1
BRDA:118,18,0,1
BRDA:130,19,0,3
BRDA:131,20,0,2
BRDA:131,21,0,4
BRDA:131,21,1,3
BRDA:138,22,0,1
BRDA:150,23,0,0
BRDA:151,24,0,0
BRDA:159,25,0,0
BRDA:159,25,1,0
BRDA:162,26,0,0
BRDA:162,27,0,0
BRDA:162,27,1,0
BRDA:166,28,0,0
BRDA:186,29,0,0
BRDA:186,29,1,0
BRDA:217,30,0,1
BRDA:217,31,0,5
BRDA:217,31,1,4
BRDA:217,31,2,4
BRDA:222,32,0,2
BRDA:222,33,0,4
BRDA:222,33,1,3
BRDA:222,33,2,2
BRDA:222,33,3,2
BRDA:227,34,0,2
BRDA:227,35,0,2
BRDA:227,35,1,1
BRDA:227,35,2,1
BRDA:235,36,0,1
BRDA:235,36,1,1
BRDA:235,36,2,0
BRDA:235,36,3,1
BRDA:235,36,4,0
BRDA:235,36,5,0
BRDA:241,37,0,0
BRDA:241,37,1,0
BRDA:241,38,0,0
BRDA:241,38,1,0
BRDA:241,39,0,0
BRDA:241,39,1,0
BRDA:243,40,0,0
BRDA:243,40,1,0
BRDA:243,41,0,0
BRDA:243,41,1,0
BRDA:243,42,0,0
BRDA:243,42,1,0
BRF:80
BRH:50
end_of_record
TN:
SF:utils/prompts.ts
FN:18,(anonymous_0)
FN:23,(anonymous_1)
FN:27,(anonymous_2)
FN:31,(anonymous_3)
FNF:4
FNH:3
FNDA:3,(anonymous_0)
FNDA:3,(anonymous_1)
FNDA:0,(anonymous_2)
FNDA:1,(anonymous_3)
DA:1,1
DA:3,1
DA:17,1
DA:19,3
DA:20,3
DA:24,3
DA:28,0
DA:32,1
LF:8
LH:7
BRDA:19,0,0,3
BRDA:19,0,1,3
BRDA:24,1,0,3
BRDA:24,1,1,2
BRDA:24,1,2,2
BRF:5
BRH:5
end_of_record
